Arguments: 
  /home/gustavo/.nvm/versions/node/v14.16.0/bin/node /home/gustavo/.nvm/versions/node/v14.16.0/bin/yarn install nodemon

PATH: 
  /home/gustavo/.vscode-server/bin/054a9295330880ed74ceaedda236253b4f39a335/bin:/home/gustavo/.local/bin:/home/gustavo/.nvm/versions/node/v14.16.0/bin:/usr/local/sbin:/usr/local/bin:/usr/sbin:/usr/bin:/sbin:/bin:/usr/games:/usr/local/games:/mnt/c/Python39/Scripts/:/mnt/c/Python39/:/mnt/c/Program Files (x86)/Common Files/Oracle/Java/javapath:/mnt/c/Program Files (x86)/Intel/iCLS Client/:/mnt/c/Program Files/Intel/iCLS Client/:/mnt/c/Windows/system32:/mnt/c/Windows:/mnt/c/Windows/System32/Wbem:/mnt/c/Windows/System32/WindowsPowerShell/v1.0/:/mnt/c/Program Files (x86)/Intel/Intel(R) Management Engine Components/DAL:/mnt/c/Program Files/Intel/Intel(R) Management Engine Components/DAL:/mnt/c/Program Files (x86)/Intel/Intel(R) Management Engine Components/IPT:/mnt/c/Program Files/Intel/Intel(R) Management Engine Components/IPT:/mnt/c/Program Files (x86)/NVIDIA Corporation/PhysX/Common:/mnt/c/Program Files/Intel/WiFi/bin/:/mnt/c/Program Files/Common Files/Intel/WirelessCommon/:/mnt/c/WINDOWS/system32:/mnt/c/WINDOWS:/mnt/c/WINDOWS/System32/Wbem:/mnt/c/WINDOWS/System32/WindowsPowerShell/v1.0/:/mnt/c/WINDOWS/System32/OpenSSH/:/mnt/c/Program Files/Microsoft SQL Server/130/Tools/Binn/:/mnt/c/Program Files (x86)/Common Files/Acronis/VirtualFile/:/mnt/c/Program Files (x86)/Common Files/Acronis/VirtualFile64/:/mnt/c/Program Files (x86)/Common Files/Acronis/FileProtector/:/mnt/c/Program Files (x86)/Common Files/Acronis/FileProtector64/:/mnt/c/Program Files (x86)/Common Files/Acronis/SnapAPI/:/mnt/c/Program Files/NVIDIA Corporation/NVIDIA NvDLISR:/mnt/c/Program Files/PuTTY/:/mnt/c/WINDOWS/system32:/mnt/c/WINDOWS:/mnt/c/WINDOWS/System32/Wbem:/mnt/c/WINDOWS/System32/WindowsPowerShell/v1.0/:/mnt/c/WINDOWS/System32/OpenSSH/:/mnt/c/Program Files/Git/cmd:/mnt/c/Users/g_mul/AppData/Local/Packages/PythonSoftwareFoundation.Python.3.9_qbz5n2kfra8p0/LocalCache/local-packages/Python39/Scripts:/mnt/c/Program Files/TortoiseGit/bin:/mnt/c/Program Files/CMake/bin:/mnt/c/Program Files/nodejs/:/mnt/c/ProgramData/chocolatey/bin:/mnt/c/Program Files/Docker/Docker/resources/bin:/mnt/c/ProgramData/DockerDesktop/version-bin:/mnt/c/Users/g_mul/AppData/Local/Microsoft/WindowsApps:/mnt/c/Program Files/heroku/bin:/mnt/c/Users/g_mul/AppData/Local/Programs/Microsoft VS Code/bin:/mnt/c/Users/g_mul/AppData/Roaming/npm:/mnt/c/Program Files/PostgreSQL/13/bin:/snap/bin

Yarn version: 
  1.22.10

Node version: 
  14.16.0

Platform: 
  linux x64

Trace: 
  SyntaxError: /home/gustavo/projects/ebanx-screening/package.json: Unexpected token } in JSON at position 289
      at JSON.parse (<anonymous>)
      at /home/gustavo/.nvm/versions/node/v14.16.0/lib/node_modules/yarn/lib/cli.js:1625:59
      at Generator.next (<anonymous>)
      at step (/home/gustavo/.nvm/versions/node/v14.16.0/lib/node_modules/yarn/lib/cli.js:310:30)
      at /home/gustavo/.nvm/versions/node/v14.16.0/lib/node_modules/yarn/lib/cli.js:321:13

npm manifest: 
  {
    "name": "ebanx-screening",
    "version": "1.0.0",
    "main": "index.js",
    "license": "MIT",
  
    "scripts": {
      "dev": "nodemon"
    },
  
    "nodemonConfig": {
      "ignore": [      
        "node_modules"
      ],
      "watch": [
        "src"
      ],
      "exec": "npm start",
      "ext": "js"
    },
  }

yarn manifest: 
  No manifest

Lockfile: 
  No lockfile
